

***********************************************************************
Fatal NI connect error 12514, connecting to:
 (DESCRIPTION=(CONNECT_DATA=(SERVICE_NAME=VIS_NEW)(CID=(PROGRAM=C:\Users\Nalam Karun Kumar\AppData\Local\UiPath\app-19.8.0\UiPath.Executor.exe)(HOST=KARUNKUMAR)(USER=Nalam?Karun?Kumar)))(ADDRESS=(PROTOCOL=TCP)(HOST=192.168.3.235)(PORT=1521)))

  VERSION INFORMATION:
	TNS for 32-bit Windows: Version 10.1.0.4.0 - Production
	Windows NT TCP/IP NT Protocol Adapter for 32-bit Windows: Version 10.1.0.4.0 - Production
  Time: 19-SEP-2019 20:38:20
  Tracing not turned on.
  Tns error struct:
    ns main err code: 12564
    TNS-12564: TNS:connection refused
    ns secondary err code: 0
    nt main err code: 0
    nt secondary err code: 0
    nt OS err code: 0


***********************************************************************
Fatal NI connect error 12514, connecting to:
 (DESCRIPTION=(CONNECT_DATA=(SERVICE_NAME=VIS_NEW)(CID=(PROGRAM=C:\Users\Nalam Karun Kumar\AppData\Local\UiPath\app-19.8.0\UiPath.Executor.exe)(HOST=KARUNKUMAR)(USER=Nalam?Karun?Kumar)))(ADDRESS=(PROTOCOL=TCP)(HOST=192.168.1.101)(PORT=1521)))

  VERSION INFORMATION:
	TNS for 32-bit Windows: Version 10.1.0.4.0 - Production
	Windows NT TCP/IP NT Protocol Adapter for 32-bit Windows: Version 10.1.0.4.0 - Production
  Time: 19-SEP-2019 20:39:14
  Tracing not turned on.
  Tns error struct:
    ns main err code: 12564
    TNS-12564: TNS:connection refused
    ns secondary err code: 0
    nt main err code: 0
    nt secondary err code: 0
    nt OS err code: 0
